mode: set
github.com/teamfighter/servercore-billing-exporter/main.go:35.37,37.17 2 1
github.com/teamfighter/servercore-billing-exporter/main.go:37.17,39.3 1 1
github.com/teamfighter/servercore-billing-exporter/main.go:41.2,42.22 2 1
github.com/teamfighter/servercore-billing-exporter/main.go:42.22,44.3 1 1
github.com/teamfighter/servercore-billing-exporter/main.go:46.2,49.8 1 1
github.com/teamfighter/servercore-billing-exporter/main.go:53.57,58.67 3 1
github.com/teamfighter/servercore-billing-exporter/main.go:58.67,59.24 1 1
github.com/teamfighter/servercore-billing-exporter/main.go:59.24,62.4 2 1
github.com/teamfighter/servercore-billing-exporter/main.go:63.3,69.18 2 1
github.com/teamfighter/servercore-billing-exporter/main.go:71.2,71.73 1 1
github.com/teamfighter/servercore-billing-exporter/main.go:71.73,74.3 2 1
github.com/teamfighter/servercore-billing-exporter/main.go:75.2,75.12 1 1
github.com/teamfighter/servercore-billing-exporter/main.go:79.64,87.2 1 1
github.com/teamfighter/servercore-billing-exporter/main.go:89.13,94.16 4 0
github.com/teamfighter/servercore-billing-exporter/main.go:94.16,96.3 1 0
github.com/teamfighter/servercore-billing-exporter/main.go:98.2,107.12 7 0
github.com/teamfighter/servercore-billing-exporter/main.go:107.12,109.77 2 0
github.com/teamfighter/servercore-billing-exporter/main.go:109.77,111.4 1 0
github.com/teamfighter/servercore-billing-exporter/main.go:115.2,123.42 7 0
github.com/teamfighter/servercore-billing-exporter/main.go:123.42,125.3 1 0
github.com/teamfighter/servercore-billing-exporter/main.go:126.2,126.33 1 0
github.com/teamfighter/servercore-billing-exporter/api/client.go:37.47,38.19 1 1
github.com/teamfighter/servercore-billing-exporter/api/client.go:38.19,40.3 1 1
github.com/teamfighter/servercore-billing-exporter/api/client.go:41.2,47.3 1 1
github.com/teamfighter/servercore-billing-exporter/api/client.go:51.67,55.16 3 1
github.com/teamfighter/servercore-billing-exporter/api/client.go:55.16,57.3 1 0
github.com/teamfighter/servercore-billing-exporter/api/client.go:58.2,62.16 4 1
github.com/teamfighter/servercore-billing-exporter/api/client.go:62.16,64.3 1 1
github.com/teamfighter/servercore-billing-exporter/api/client.go:65.2,68.16 3 1
github.com/teamfighter/servercore-billing-exporter/api/client.go:68.16,70.3 1 0
github.com/teamfighter/servercore-billing-exporter/api/client.go:72.2,72.38 1 1
github.com/teamfighter/servercore-billing-exporter/api/client.go:72.38,74.3 1 1
github.com/teamfighter/servercore-billing-exporter/api/client.go:76.2,76.53 1 1
github.com/teamfighter/servercore-billing-exporter/api/client.go:76.53,78.3 1 1
github.com/teamfighter/servercore-billing-exporter/api/client.go:80.2,80.12 1 1
github.com/teamfighter/servercore-billing-exporter/api/client.go:84.59,86.59 2 1
github.com/teamfighter/servercore-billing-exporter/api/client.go:86.59,88.3 1 1
github.com/teamfighter/servercore-billing-exporter/api/client.go:89.2,89.19 1 1
github.com/teamfighter/servercore-billing-exporter/api/client.go:93.65,95.69 2 1
github.com/teamfighter/servercore-billing-exporter/api/client.go:95.69,97.3 1 1
github.com/teamfighter/servercore-billing-exporter/api/client.go:98.2,98.19 1 1
github.com/teamfighter/servercore-billing-exporter/api/client.go:107.103,117.49 3 1
github.com/teamfighter/servercore-billing-exporter/api/client.go:117.49,119.3 1 1
github.com/teamfighter/servercore-billing-exporter/api/client.go:120.2,120.19 1 1
github.com/teamfighter/servercore-billing-exporter/api/client.go:124.38,126.38 2 1
github.com/teamfighter/servercore-billing-exporter/api/client.go:126.38,128.3 1 1
github.com/teamfighter/servercore-billing-exporter/api/client.go:129.2,129.33 1 1
github.com/teamfighter/servercore-billing-exporter/exporter/exporter.go:41.41,42.46 1 1
github.com/teamfighter/servercore-billing-exporter/exporter/exporter.go:42.46,44.3 1 1
github.com/teamfighter/servercore-billing-exporter/exporter/exporter.go:45.2,45.12 1 1
github.com/teamfighter/servercore-billing-exporter/exporter/exporter.go:50.53,51.46 1 1
github.com/teamfighter/servercore-billing-exporter/exporter/exporter.go:51.46,53.3 1 1
github.com/teamfighter/servercore-billing-exporter/exporter/exporter.go:54.2,54.43 1 1
github.com/teamfighter/servercore-billing-exporter/exporter/exporter.go:54.43,56.3 1 1
github.com/teamfighter/servercore-billing-exporter/exporter/exporter.go:59.2,59.20 1 1
github.com/teamfighter/servercore-billing-exporter/exporter/exporter.go:59.20,61.3 1 1
github.com/teamfighter/servercore-billing-exporter/exporter/exporter.go:62.2,62.24 1 1
github.com/teamfighter/servercore-billing-exporter/exporter/exporter.go:89.40,144.2 1 1
github.com/teamfighter/servercore-billing-exporter/exporter/exporter.go:147.57,158.2 10 1
github.com/teamfighter/servercore-billing-exporter/exporter/exporter.go:161.57,165.45 3 1
github.com/teamfighter/servercore-billing-exporter/exporter/exporter.go:165.45,168.3 2 1
github.com/teamfighter/servercore-billing-exporter/exporter/exporter.go:170.2,170.48 1 1
github.com/teamfighter/servercore-billing-exporter/exporter/exporter.go:170.48,173.3 2 1
github.com/teamfighter/servercore-billing-exporter/exporter/exporter.go:175.2,175.49 1 1
github.com/teamfighter/servercore-billing-exporter/exporter/exporter.go:175.49,178.3 2 1
github.com/teamfighter/servercore-billing-exporter/exporter/exporter.go:180.2,181.107 2 1
github.com/teamfighter/servercore-billing-exporter/exporter/exporter.go:184.70,186.16 2 1
github.com/teamfighter/servercore-billing-exporter/exporter/exporter.go:186.16,188.3 1 1
github.com/teamfighter/servercore-billing-exporter/exporter/exporter.go:190.2,190.34 1 1
github.com/teamfighter/servercore-billing-exporter/exporter/exporter.go:190.34,192.3 1 1
github.com/teamfighter/servercore-billing-exporter/exporter/exporter.go:194.2,198.33 4 1
github.com/teamfighter/servercore-billing-exporter/exporter/exporter.go:198.33,200.3 1 1
github.com/teamfighter/servercore-billing-exporter/exporter/exporter.go:202.2,202.27 1 1
github.com/teamfighter/servercore-billing-exporter/exporter/exporter.go:202.27,204.3 1 1
github.com/teamfighter/servercore-billing-exporter/exporter/exporter.go:206.2,206.12 1 1
github.com/teamfighter/servercore-billing-exporter/exporter/exporter.go:209.73,211.16 2 1
github.com/teamfighter/servercore-billing-exporter/exporter/exporter.go:211.16,213.3 1 1
github.com/teamfighter/servercore-billing-exporter/exporter/exporter.go:216.2,222.44 2 1
github.com/teamfighter/servercore-billing-exporter/exporter/exporter.go:222.44,223.17 1 1
github.com/teamfighter/servercore-billing-exporter/exporter/exporter.go:223.17,225.4 1 1
github.com/teamfighter/servercore-billing-exporter/exporter/exporter.go:227.2,227.12 1 1
github.com/teamfighter/servercore-billing-exporter/exporter/exporter.go:230.74,238.16 6 1
github.com/teamfighter/servercore-billing-exporter/exporter/exporter.go:238.16,240.3 1 1
github.com/teamfighter/servercore-billing-exporter/exporter/exporter.go:242.2,242.37 1 1
github.com/teamfighter/servercore-billing-exporter/exporter/exporter.go:242.37,244.26 2 1
github.com/teamfighter/servercore-billing-exporter/exporter/exporter.go:244.26,246.4 1 1
github.com/teamfighter/servercore-billing-exporter/exporter/exporter.go:247.3,251.4 1 1
github.com/teamfighter/servercore-billing-exporter/exporter/exporter.go:255.2,256.16 2 1
github.com/teamfighter/servercore-billing-exporter/exporter/exporter.go:256.16,258.3 1 1
github.com/teamfighter/servercore-billing-exporter/exporter/exporter.go:260.2,260.39 1 1
github.com/teamfighter/servercore-billing-exporter/exporter/exporter.go:260.39,262.26 2 1
github.com/teamfighter/servercore-billing-exporter/exporter/exporter.go:262.26,264.4 1 1
github.com/teamfighter/servercore-billing-exporter/exporter/exporter.go:265.3,265.25 1 1
github.com/teamfighter/servercore-billing-exporter/exporter/exporter.go:265.25,266.12 1 1
github.com/teamfighter/servercore-billing-exporter/exporter/exporter.go:269.3,278.4 2 1
github.com/teamfighter/servercore-billing-exporter/exporter/exporter.go:281.2,281.12 1 1
